


          SolidWorks Corporation - STEP Processor Error Log
          ______________________________________________________

                       STEP Post Processor
                       ___________________


STEP File Name: E:\Anycubic\Progetti\In_Lavoro\Alimentatore\Mini DC 100V 10A Digital Voltmeter Ammeter Blue Red LED Volt Amp Meter Gauge.step


Le superfici sono state elaborate correttamente per formare un corpo solido.
STEP-importazione completata.Le superfici sono state elaborate correttamente per formare un corpo solido.
STEP-importazione completata.
Error: Impossibile creare un solido dalle superfici rifilate.
STEP-importazione non riuscita.
Le superfici sono state elaborate correttamente per formare un corpo solido.
STEP-importazione completata.Le superfici sono state elaborate correttamente per formare un corpo solido.
STEP-importazione completata.Le superfici sono state elaborate correttamente per formare un corpo solido.
STEP-importazione completata.Le superfici sono state elaborate correttamente per formare un corpo solido.
STEP-importazione completata.Le superfici sono state elaborate correttamente per formare un corpo solido.
STEP-importazione completata.Le superfici sono state elaborate correttamente per formare un corpo solido.
STEP-importazione completata.Le superfici sono state elaborate correttamente per formare un corpo solido.
STEP-importazione completata.Le superfici sono state elaborate correttamente per formare un corpo solido.
STEP-importazione completata.Le superfici sono state elaborate correttamente per formare un corpo solido.
STEP-importazione completata.